<?xml version="1.0" encoding="UTF-8"?>
<testsuite name="com.ali.stockexchangemanagement.application.domain.service.CreateStockServiceTest" tests="1" skipped="0" failures="0" errors="0" timestamp="2023-10-18T11:36:41" hostname="LMAC-YFX7LP6Q2K" time="0.0">
  <properties/>
  <testcase name="creationSucceeds()" classname="com.ali.stockexchangemanagement.application.domain.service.CreateStockServiceTest" time="0.0"/>
  <system-out><![CDATA[]]></system-out>
  <system-err><![CDATA[]]></system-err>
</testsuite>
