<?xml version="1.0" encoding="UTF-8"?>
<testsuite name="com.ali.stockexchangemanagement.adapter.out.persistence.mapper.StockExchangePersistenceMapperTest" tests="2" skipped="0" failures="0" errors="0" timestamp="2023-10-18T11:36:41" hostname="LMAC-YFX7LP6Q2K" time="0.0">
  <properties/>
  <testcase name="testMappingFromStockExchangeEntityToStockExchange()" classname="com.ali.stockexchangemanagement.adapter.out.persistence.mapper.StockExchangePersistenceMapperTest" time="0.0"/>
  <testcase name="testMappingFromStockExchangeToStockExchangeEntity()" classname="com.ali.stockexchangemanagement.adapter.out.persistence.mapper.StockExchangePersistenceMapperTest" time="0.0"/>
  <system-out><![CDATA[]]></system-out>
  <system-err><![CDATA[]]></system-err>
</testsuite>
