<?xml version="1.0" encoding="UTF-8"?>
<testsuite name="com.ali.stockexchangemanagement.adapter.in.web.StockExchangeControllerTest" tests="3" skipped="0" failures="0" errors="0" timestamp="2023-10-18T11:36:40" hostname="LMAC-YFX7LP6Q2K" time="0.033">
  <properties/>
  <testcase name="testGetStockExchange()" classname="com.ali.stockexchangemanagement.adapter.in.web.StockExchangeControllerTest" time="0.023"/>
  <testcase name="testRemoveStockFromStockExchange()" classname="com.ali.stockexchangemanagement.adapter.in.web.StockExchangeControllerTest" time="0.003"/>
  <testcase name="testAddStockForStockExchange()" classname="com.ali.stockexchangemanagement.adapter.in.web.StockExchangeControllerTest" time="0.005"/>
  <system-out><![CDATA[2023-10-18T14:36:39.910+03:00  INFO 9398 --- [    Test worker] t.c.s.AnnotationConfigContextLoaderUtils : Could not detect default configuration classes for test class [com.ali.stockexchangemanagement.adapter.in.web.StockExchangeControllerTest]: StockExchangeControllerTest does not declare any static, non-private, non-final, nested classes annotated with @Configuration.
2023-10-18T14:36:39.913+03:00  INFO 9398 --- [    Test worker] .b.t.c.SpringBootTestContextBootstrapper : Found @SpringBootConfiguration com.ali.stockexchangemanagement.StockExchangeManagementApplication for test class com.ali.stockexchangemanagement.adapter.in.web.StockExchangeControllerTest

  .   ____          _            __ _ _
 /\\ / ___'_ __ _ _(_)_ __  __ _ \ \ \ \
( ( )\___ | '_ | '_| | '_ \/ _` | \ \ \ \
 \\/  ___)| |_)| | | | | || (_| |  ) ) ) )
  '  |____| .__|_| |_|_| |_\__, | / / / /
 =========|_|==============|___/=/_/_/_/
 :: Spring Boot ::                (v3.1.0)

2023-10-18T14:36:39.933+03:00  INFO 9398 --- [    Test worker] c.a.s.a.i.w.StockExchangeControllerTest  : Starting StockExchangeControllerTest using Java 17.0.4 with PID 9398 (started by aercetin in /Users/aercetin/IdeaProjects/team-os-buzzer/stock-exchange-management)
2023-10-18T14:36:39.933+03:00  INFO 9398 --- [    Test worker] c.a.s.a.i.w.StockExchangeControllerTest  : No active profile set, falling back to 1 default profile: "default"
2023-10-18T14:36:40.135+03:00  INFO 9398 --- [    Test worker] o.s.b.t.m.w.SpringBootMockServletContext : Initializing Spring TestDispatcherServlet ''
2023-10-18T14:36:40.136+03:00  INFO 9398 --- [    Test worker] o.s.t.web.servlet.TestDispatcherServlet  : Initializing Servlet ''
2023-10-18T14:36:40.136+03:00  INFO 9398 --- [    Test worker] o.s.t.web.servlet.TestDispatcherServlet  : Completed initialization in 0 ms
2023-10-18T14:36:40.139+03:00  INFO 9398 --- [    Test worker] c.a.s.a.i.w.StockExchangeControllerTest  : Started StockExchangeControllerTest in 0.223 seconds (process running for 3.664)
]]></system-out>
  <system-err><![CDATA[]]></system-err>
</testsuite>
