<?xml version="1.0" encoding="UTF-8"?>
<testsuite name="com.ali.stockexchangemanagement.adapter.out.persistence.StockExchangePersistenceAdapterTest" tests="2" skipped="0" failures="0" errors="0" timestamp="2023-10-18T11:36:41" hostname="LMAC-YFX7LP6Q2K" time="0.016">
  <properties/>
  <testcase name="updatesStockExchange()" classname="com.ali.stockexchangemanagement.adapter.out.persistence.StockExchangePersistenceAdapterTest" time="0.013"/>
  <testcase name="loadsStockExchange()" classname="com.ali.stockexchangemanagement.adapter.out.persistence.StockExchangePersistenceAdapterTest" time="0.003"/>
  <system-out><![CDATA[2023-10-18T14:36:41.115+03:00  INFO 9398 --- [    Test worker] t.c.s.AnnotationConfigContextLoaderUtils : Could not detect default configuration classes for test class [com.ali.stockexchangemanagement.adapter.out.persistence.StockExchangePersistenceAdapterTest]: StockExchangePersistenceAdapterTest does not declare any static, non-private, non-final, nested classes annotated with @Configuration.
2023-10-18T14:36:41.129+03:00  INFO 9398 --- [    Test worker] .b.t.c.SpringBootTestContextBootstrapper : Found @SpringBootConfiguration com.ali.stockexchangemanagement.StockExchangeManagementApplication for test class com.ali.stockexchangemanagement.adapter.out.persistence.StockExchangePersistenceAdapterTest

  .   ____          _            __ _ _
 /\\ / ___'_ __ _ _(_)_ __  __ _ \ \ \ \
( ( )\___ | '_ | '_| | '_ \/ _` | \ \ \ \
 \\/  ___)| |_)| | | | | || (_| |  ) ) ) )
  '  |____| .__|_| |_|_| |_\__, | / / / /
 =========|_|==============|___/=/_/_/_/
 :: Spring Boot ::                (v3.1.0)

2023-10-18T14:36:41.141+03:00  INFO 9398 --- [    Test worker] .o.p.StockExchangePersistenceAdapterTest : Starting StockExchangePersistenceAdapterTest using Java 17.0.4 with PID 9398 (started by aercetin in /Users/aercetin/IdeaProjects/team-os-buzzer/stock-exchange-management)
2023-10-18T14:36:41.142+03:00  INFO 9398 --- [    Test worker] .o.p.StockExchangePersistenceAdapterTest : No active profile set, falling back to 1 default profile: "default"
2023-10-18T14:36:41.187+03:00  INFO 9398 --- [    Test worker] .s.d.r.c.RepositoryConfigurationDelegate : Bootstrapping Spring Data JPA repositories in DEFAULT mode.
2023-10-18T14:36:41.201+03:00  INFO 9398 --- [    Test worker] .s.d.r.c.RepositoryConfigurationDelegate : Finished Spring Data repository scanning in 13 ms. Found 2 JPA repository interfaces.
2023-10-18T14:36:41.207+03:00  INFO 9398 --- [    Test worker] beddedDataSourceBeanFactoryPostProcessor : Replacing 'dataSource' DataSource bean with embedded version
2023-10-18T14:36:41.212+03:00  INFO 9398 --- [    Test worker] o.s.j.d.e.EmbeddedDatabaseFactory        : Starting embedded database: url='jdbc:h2:mem:c2a2ed3c-c44c-498b-8df5-653d13c2f784;DB_CLOSE_DELAY=-1;DB_CLOSE_ON_EXIT=false', username='sa'
2023-10-18T14:36:41.226+03:00  INFO 9398 --- [    Test worker] o.hibernate.jpa.internal.util.LogHelper  : HHH000204: Processing PersistenceUnitInfo [name: default]
2023-10-18T14:36:41.230+03:00  INFO 9398 --- [    Test worker] o.h.b.i.BytecodeProviderInitiator        : HHH000021: Bytecode provider name : bytebuddy
2023-10-18T14:36:41.230+03:00  INFO 9398 --- [    Test worker] o.s.o.j.p.SpringPersistenceUnitInfo      : No LoadTimeWeaver setup: ignoring JPA class transformer
2023-10-18T14:36:41.231+03:00  INFO 9398 --- [    Test worker] org.hibernate.orm.dialect                : HHH035001: Using dialect: org.hibernate.dialect.H2Dialect, version: 2.1.214
2023-10-18T14:36:41.237+03:00  INFO 9398 --- [    Test worker] o.h.b.i.BytecodeProviderInitiator        : HHH000021: Bytecode provider name : bytebuddy
2023-10-18T14:36:41.256+03:00  INFO 9398 --- [    Test worker] o.h.e.t.j.p.i.JtaPlatformInitiator       : HHH000490: Using JtaPlatform implementation: [org.hibernate.engine.transaction.jta.platform.internal.NoJtaPlatform]
2023-10-18T14:36:41.256+03:00  INFO 9398 --- [    Test worker] j.LocalContainerEntityManagerFactoryBean : Initialized JPA EntityManagerFactory for persistence unit 'default'
2023-10-18T14:36:41.303+03:00  INFO 9398 --- [    Test worker] .o.p.StockExchangePersistenceAdapterTest : Started StockExchangePersistenceAdapterTest in 0.172 seconds (process running for 4.829)
Hibernate: select s1_0.id,s1_0.description,s1_0.name from stock_exchange s1_0 where s1_0.name=?
Hibernate: select s1_0.stock_exchange_id,s1_1.id,s1_1.current_price,s1_1.description,s1_1.last_update,s1_1.name from stock_exchange_stocks s1_0 join stock s1_1 on s1_1.id=s1_0.stock_id where s1_0.stock_exchange_id=?
Hibernate: select s1_0.id,s1_0.description,s1_0.name from stock_exchange s1_0 where s1_0.name=?
Hibernate: select s1_0.id,s1_0.description,s1_0.name from stock_exchange s1_0 where s1_0.name=?
Hibernate: select s1_0.stock_exchange_id,s1_1.id,s1_1.current_price,s1_1.description,s1_1.last_update,s1_1.name from stock_exchange_stocks s1_0 join stock s1_1 on s1_1.id=s1_0.stock_id where s1_0.stock_exchange_id=?
]]></system-out>
  <system-err><![CDATA[]]></system-err>
</testsuite>
