<?xml version="1.0" encoding="UTF-8"?>
<testsuite name="com.ali.stockexchangemanagement.adapter.in.web.StockExchangeIntegrationTest" tests="7" skipped="0" failures="0" errors="0" timestamp="2023-10-18T11:36:40" hostname="LMAC-YFX7LP6Q2K" time="0.292">
  <properties/>
  <testcase name="addStockForStockExchangeSucceeds()" classname="com.ali.stockexchangemanagement.adapter.in.web.StockExchangeIntegrationTest" time="0.215"/>
  <testcase name="givenStockExchangeAlreadyHasStock_thenReturnsErrorResponse()" classname="com.ali.stockexchangemanagement.adapter.in.web.StockExchangeIntegrationTest" time="0.026"/>
  <testcase name="deleteStockFromStockExchangeSucceeds()" classname="com.ali.stockexchangemanagement.adapter.in.web.StockExchangeIntegrationTest" time="0.012"/>
  <testcase name="givenInvalidStockId_thenReturnsErrorResponse()" classname="com.ali.stockexchangemanagement.adapter.in.web.StockExchangeIntegrationTest" time="0.009"/>
  <testcase name="getStockExchangeSucceeds()" classname="com.ali.stockexchangemanagement.adapter.in.web.StockExchangeIntegrationTest" time="0.013"/>
  <testcase name="givenInvalidStockExchangeName_thenReturnsErrorResponse()" classname="com.ali.stockexchangemanagement.adapter.in.web.StockExchangeIntegrationTest" time="0.009"/>
  <testcase name="givenStockExchangeDoesNotExist_thenReturnsErrorResponse()" classname="com.ali.stockexchangemanagement.adapter.in.web.StockExchangeIntegrationTest" time="0.006"/>
  <system-out><![CDATA[2023-10-18T14:36:40.177+03:00  INFO 9398 --- [    Test worker] t.c.s.AnnotationConfigContextLoaderUtils : Could not detect default configuration classes for test class [com.ali.stockexchangemanagement.adapter.in.web.StockExchangeIntegrationTest]: StockExchangeIntegrationTest does not declare any static, non-private, non-final, nested classes annotated with @Configuration.
2023-10-18T14:36:40.178+03:00  INFO 9398 --- [    Test worker] .b.t.c.SpringBootTestContextBootstrapper : Found @SpringBootConfiguration com.ali.stockexchangemanagement.StockExchangeManagementApplication for test class com.ali.stockexchangemanagement.adapter.in.web.StockExchangeIntegrationTest

  .   ____          _            __ _ _
 /\\ / ___'_ __ _ _(_)_ __  __ _ \ \ \ \
( ( )\___ | '_ | '_| | '_ \/ _` | \ \ \ \
 \\/  ___)| |_)| | | | | || (_| |  ) ) ) )
  '  |____| .__|_| |_|_| |_\__, | / / / /
 =========|_|==============|___/=/_/_/_/
 :: Spring Boot ::                (v3.1.0)

2023-10-18T14:36:40.196+03:00  INFO 9398 --- [    Test worker] c.a.s.a.i.w.StockExchangeIntegrationTest : Starting StockExchangeIntegrationTest using Java 17.0.4 with PID 9398 (started by aercetin in /Users/aercetin/IdeaProjects/team-os-buzzer/stock-exchange-management)
2023-10-18T14:36:40.196+03:00  INFO 9398 --- [    Test worker] c.a.s.a.i.w.StockExchangeIntegrationTest : No active profile set, falling back to 1 default profile: "default"
2023-10-18T14:36:40.305+03:00  INFO 9398 --- [    Test worker] .s.d.r.c.RepositoryConfigurationDelegate : Bootstrapping Spring Data JPA repositories in DEFAULT mode.
2023-10-18T14:36:40.321+03:00  INFO 9398 --- [    Test worker] .s.d.r.c.RepositoryConfigurationDelegate : Finished Spring Data repository scanning in 15 ms. Found 2 JPA repository interfaces.
2023-10-18T14:36:40.338+03:00  INFO 9398 --- [    Test worker] beddedDataSourceBeanFactoryPostProcessor : Replacing 'dataSource' DataSource bean with embedded version
2023-10-18T14:36:40.443+03:00  INFO 9398 --- [    Test worker] o.s.b.w.embedded.tomcat.TomcatWebServer  : Tomcat initialized with port(s): 0 (http)
2023-10-18T14:36:40.449+03:00  INFO 9398 --- [    Test worker] o.apache.catalina.core.StandardService   : Starting service [Tomcat]
2023-10-18T14:36:40.449+03:00  INFO 9398 --- [    Test worker] o.apache.catalina.core.StandardEngine    : Starting Servlet engine: [Apache Tomcat/10.1.8]
2023-10-18T14:36:40.507+03:00  INFO 9398 --- [    Test worker] o.a.c.c.C.[Tomcat].[localhost].[/]       : Initializing Spring embedded WebApplicationContext
2023-10-18T14:36:40.508+03:00  INFO 9398 --- [    Test worker] w.s.c.ServletWebServerApplicationContext : Root WebApplicationContext: initialization completed in 311 ms
2023-10-18T14:36:40.512+03:00  INFO 9398 --- [    Test worker] o.s.j.d.e.EmbeddedDatabaseFactory        : Starting embedded database: url='jdbc:h2:mem:431bd5a6-e7f6-4497-8267-370a4e55718e;DB_CLOSE_DELAY=-1;DB_CLOSE_ON_EXIT=false', username='sa'
2023-10-18T14:36:40.515+03:00  INFO 9398 --- [    Test worker] o.s.b.a.h2.H2ConsoleAutoConfiguration    : H2 console available at '/h2-console'. Database available at 'jdbc:h2:mem:431bd5a6-e7f6-4497-8267-370a4e55718e'
2023-10-18T14:36:40.564+03:00  INFO 9398 --- [    Test worker] o.hibernate.jpa.internal.util.LogHelper  : HHH000204: Processing PersistenceUnitInfo [name: default]
2023-10-18T14:36:40.570+03:00  INFO 9398 --- [    Test worker] o.h.b.i.BytecodeProviderInitiator        : HHH000021: Bytecode provider name : bytebuddy
2023-10-18T14:36:40.571+03:00  INFO 9398 --- [    Test worker] o.s.o.j.p.SpringPersistenceUnitInfo      : No LoadTimeWeaver setup: ignoring JPA class transformer
2023-10-18T14:36:40.572+03:00  INFO 9398 --- [    Test worker] org.hibernate.orm.dialect                : HHH035001: Using dialect: org.hibernate.dialect.H2Dialect, version: 2.1.214
2023-10-18T14:36:40.580+03:00  INFO 9398 --- [    Test worker] o.h.b.i.BytecodeProviderInitiator        : HHH000021: Bytecode provider name : bytebuddy
2023-10-18T14:36:40.602+03:00  INFO 9398 --- [    Test worker] o.h.e.t.j.p.i.JtaPlatformInitiator       : HHH000490: Using JtaPlatform implementation: [org.hibernate.engine.transaction.jta.platform.internal.NoJtaPlatform]
2023-10-18T14:36:40.602+03:00  INFO 9398 --- [    Test worker] j.LocalContainerEntityManagerFactoryBean : Initialized JPA EntityManagerFactory for persistence unit 'default'
2023-10-18T14:36:40.654+03:00  WARN 9398 --- [    Test worker] JpaBaseConfiguration$JpaWebConfiguration : spring.jpa.open-in-view is enabled by default. Therefore, database queries may be performed during view rendering. Explicitly configure spring.jpa.open-in-view to disable this warning
2023-10-18T14:36:40.761+03:00  INFO 9398 --- [    Test worker] o.s.b.w.embedded.tomcat.TomcatWebServer  : Tomcat started on port(s): 65494 (http) with context path ''
2023-10-18T14:36:40.764+03:00  INFO 9398 --- [    Test worker] c.a.s.a.i.w.StockExchangeIntegrationTest : Started StockExchangeIntegrationTest in 0.583 seconds (process running for 4.289)
2023-10-18T14:36:40.818+03:00  INFO 9398 --- [o-auto-1-exec-1] o.a.c.c.C.[Tomcat].[localhost].[/]       : Initializing Spring DispatcherServlet 'dispatcherServlet'
2023-10-18T14:36:40.819+03:00  INFO 9398 --- [o-auto-1-exec-1] o.s.web.servlet.DispatcherServlet        : Initializing Servlet 'dispatcherServlet'
2023-10-18T14:36:40.819+03:00  INFO 9398 --- [o-auto-1-exec-1] o.s.web.servlet.DispatcherServlet        : Completed initialization in 0 ms
]]></system-out>
  <system-err><![CDATA[]]></system-err>
</testsuite>
