<?xml version="1.0" encoding="UTF-8"?>
<testsuite name="com.ali.stockexchangemanagement.adapter.in.web.StockControllerTest" tests="3" skipped="0" failures="0" errors="0" timestamp="2023-10-18T11:36:39" hostname="LMAC-YFX7LP6Q2K" time="0.129">
  <properties/>
  <testcase name="testDeleteStock()" classname="com.ali.stockexchangemanagement.adapter.in.web.StockControllerTest" time="0.05"/>
  <testcase name="testUpdateStockPrice()" classname="com.ali.stockexchangemanagement.adapter.in.web.StockControllerTest" time="0.069"/>
  <testcase name="testCreateStock()" classname="com.ali.stockexchangemanagement.adapter.in.web.StockControllerTest" time="0.008"/>
  <system-out><![CDATA[2023-10-18T14:36:39.474+03:00  INFO 9398 --- [    Test worker] t.c.s.AnnotationConfigContextLoaderUtils : Could not detect default configuration classes for test class [com.ali.stockexchangemanagement.adapter.in.web.StockControllerTest]: StockControllerTest does not declare any static, non-private, non-final, nested classes annotated with @Configuration.
2023-10-18T14:36:39.494+03:00  INFO 9398 --- [    Test worker] .b.t.c.SpringBootTestContextBootstrapper : Found @SpringBootConfiguration com.ali.stockexchangemanagement.StockExchangeManagementApplication for test class com.ali.stockexchangemanagement.adapter.in.web.StockControllerTest

  .   ____          _            __ _ _
 /\\ / ___'_ __ _ _(_)_ __  __ _ \ \ \ \
( ( )\___ | '_ | '_| | '_ \/ _` | \ \ \ \
 \\/  ___)| |_)| | | | | || (_| |  ) ) ) )
  '  |____| .__|_| |_|_| |_\__, | / / / /
 =========|_|==============|___/=/_/_/_/
 :: Spring Boot ::                (v3.1.0)

2023-10-18T14:36:39.506+03:00  INFO 9398 --- [    Test worker] c.a.s.a.in.web.StockControllerTest       : Starting StockControllerTest using Java 17.0.4 with PID 9398 (started by aercetin in /Users/aercetin/IdeaProjects/team-os-buzzer/stock-exchange-management)
2023-10-18T14:36:39.506+03:00  INFO 9398 --- [    Test worker] c.a.s.a.in.web.StockControllerTest       : No active profile set, falling back to 1 default profile: "default"
2023-10-18T14:36:39.765+03:00  INFO 9398 --- [    Test worker] o.s.b.t.m.w.SpringBootMockServletContext : Initializing Spring TestDispatcherServlet ''
2023-10-18T14:36:39.765+03:00  INFO 9398 --- [    Test worker] o.s.t.web.servlet.TestDispatcherServlet  : Initializing Servlet ''
2023-10-18T14:36:39.768+03:00  INFO 9398 --- [    Test worker] o.s.t.web.servlet.TestDispatcherServlet  : Completed initialization in 0 ms
2023-10-18T14:36:39.773+03:00  INFO 9398 --- [    Test worker] c.a.s.a.in.web.StockControllerTest       : Started StockControllerTest in 0.276 seconds (process running for 3.298)
]]></system-out>
  <system-err><![CDATA[]]></system-err>
</testsuite>
