<?xml version="1.0" encoding="UTF-8"?>
<testsuite name="com.ali.stockexchangemanagement.application.domain.service.AddStockForStockExchangeServiceTest" tests="4" skipped="0" failures="0" errors="0" timestamp="2023-10-18T11:36:41" hostname="LMAC-YFX7LP6Q2K" time="0.007">
  <properties/>
  <testcase name="givenStockDoesNotExist_thenThrowsInvalidStockNameException()" classname="com.ali.stockexchangemanagement.application.domain.service.AddStockForStockExchangeServiceTest" time="0.004"/>
  <testcase name="addStockForStockExchangeSucceeds()" classname="com.ali.stockexchangemanagement.application.domain.service.AddStockForStockExchangeServiceTest" time="0.002"/>
  <testcase name="givenStockExchangeDoesNotExist_thenThrowsInvalidStockExchangeNameException()" classname="com.ali.stockexchangemanagement.application.domain.service.AddStockForStockExchangeServiceTest" time="0.0"/>
  <testcase name="givenStockAlreadyExistsForStockExchange_thenThrowsStockAlreadyExistForStockExchangeException()" classname="com.ali.stockexchangemanagement.application.domain.service.AddStockForStockExchangeServiceTest" time="0.0"/>
  <system-out><![CDATA[]]></system-out>
  <system-err><![CDATA[]]></system-err>
</testsuite>
