<?xml version="1.0" encoding="UTF-8"?>
<testsuite name="com.ali.stockexchangemanagement.adapter.in.web.StockIntegrationTest" tests="4" skipped="0" failures="0" errors="0" timestamp="2023-10-18T11:36:41" hostname="LMAC-YFX7LP6Q2K" time="0.05">
  <properties/>
  <testcase name="createStockSucceeds()" classname="com.ali.stockexchangemanagement.adapter.in.web.StockIntegrationTest" time="0.02"/>
  <testcase name="updateStockPriceSucceeds()" classname="com.ali.stockexchangemanagement.adapter.in.web.StockIntegrationTest" time="0.012"/>
  <testcase name="deleteStockSucceeds()" classname="com.ali.stockexchangemanagement.adapter.in.web.StockIntegrationTest" time="0.01"/>
  <testcase name="givenStockDoesNotExist_thenReturnsErrorResponse()" classname="com.ali.stockexchangemanagement.adapter.in.web.StockIntegrationTest" time="0.005"/>
  <system-out><![CDATA[2023-10-18T14:36:41.060+03:00  INFO 9398 --- [    Test worker] t.c.s.AnnotationConfigContextLoaderUtils : Could not detect default configuration classes for test class [com.ali.stockexchangemanagement.adapter.in.web.StockIntegrationTest]: StockIntegrationTest does not declare any static, non-private, non-final, nested classes annotated with @Configuration.
2023-10-18T14:36:41.061+03:00  INFO 9398 --- [    Test worker] .b.t.c.SpringBootTestContextBootstrapper : Found @SpringBootConfiguration com.ali.stockexchangemanagement.StockExchangeManagementApplication for test class com.ali.stockexchangemanagement.adapter.in.web.StockIntegrationTest
]]></system-out>
  <system-err><![CDATA[]]></system-err>
</testsuite>
